<?xml version="1.0" encoding="UTF-8"?>
<!-- Generated by org.testng.reporters.JUnitXMLReporter -->
<testsuite hostname="BLR-AL-G7MLMQ2" ignored="0" name="Test" tests="1" failures="1" timestamp="26 Aug 2019 08:49:50 GMT" time="97.166" errors="0">
  <testcase name="test_broken_links" time="97.142" classname="demo_allegion_us.Brocken_Img_and_Links">
    <failure type="java.lang.ClassCastException" message="sun.net.www.protocol.mailto.MailToURLConnection cannot be cast to java.net.HttpURLConnection">
      <![CDATA[java.lang.ClassCastException: sun.net.www.protocol.mailto.MailToURLConnection cannot be cast to java.net.HttpURLConnection
at demo_allegion_us.Brocken_Img_and_Links.test_broken_links(Brocken_Img_and_Links.java:82)
... Removed 24 stack frames]]>
    </failure>
  </testcase> <!-- test_broken_links -->
</testsuite> <!-- Test -->
