<?xml version="1.0" encoding="UTF-8"?>
<testng-results skipped="0" failed="0" ignored="0" total="1" passed="1">
  <reporter-output>
  </reporter-output>
  <suite name="Default suite" duration-ms="139286" started-at="2019-08-26T10:48:35Z" finished-at="2019-08-26T10:50:55Z">
    <groups>
    </groups>
    <test name="Default test" duration-ms="139286" started-at="2019-08-26T10:48:35Z" finished-at="2019-08-26T10:50:55Z">
      <class name="demo_allegion_us.Brocken_Img_and_Links">
        <test-method status="PASS" signature="test_broken_links()[pri:0, instance:demo_allegion_us.Brocken_Img_and_Links@5c7fa833]" name="test_broken_links" duration-ms="139256" started-at="2019-08-26T10:48:36Z" finished-at="2019-08-26T10:50:55Z">
          <reporter-output>
          </reporter-output>
        </test-method> <!-- test_broken_links -->
      </class> <!-- demo_allegion_us.Brocken_Img_and_Links -->
    </test> <!-- Default test -->
  </suite> <!-- Default suite -->
</testng-results>
