<?xml version="1.0" encoding="UTF-8"?>
<testng-results skipped="0" failed="0" ignored="0" total="1" passed="1">
  <reporter-output>
  </reporter-output>
  <suite name="Suite" duration-ms="87392" started-at="2019-08-21T10:18:38Z" finished-at="2019-08-21T10:20:05Z">
    <groups>
    </groups>
    <test name="Test" duration-ms="87392" started-at="2019-08-21T10:18:38Z" finished-at="2019-08-21T10:20:05Z">
      <class name="demo_allegion_us.Brocken_Img_and_Links">
        <test-method status="PASS" signature="test_broken_links()[pri:0, instance:demo_allegion_us.Brocken_Img_and_Links@47fd17e3]" name="test_broken_links" duration-ms="87372" started-at="2019-08-21T10:18:38Z" finished-at="2019-08-21T10:20:05Z">
          <reporter-output>
          </reporter-output>
        </test-method> <!-- test_broken_links -->
      </class> <!-- demo_allegion_us.Brocken_Img_and_Links -->
    </test> <!-- Test -->
  </suite> <!-- Suite -->
</testng-results>
